<?xml version="1.0" encoding="UTF-8"?>
<!-- Generated by org.testng.reporters.JUnitReportReporter -->
<testsuite hostname="Debipriya_WIN11" failures="0" tests="1" name="com.FireBase.runnerForSalesaforce" time="7.117" errors="1" timestamp="2023-03-07T11:59:50 EST" skipped="0">
  <testcase classname="com.FireBase.runnerForSalesaforce" name="runScenario" time="7.117">
    <error message="Cannot invoke &quot;org.openqa.selenium.WebDriver.findElement(org.openqa.selenium.By)&quot; because &quot;this.driver&quot; is null" type="java.lang.NullPointerException">
      <![CDATA[java.lang.NullPointerException: Cannot invoke "org.openqa.selenium.WebDriver.findElement(org.openqa.selenium.By)" because "this.driver" is null
at com.FireBase.stepDefinitionForSalesforce.i_enter_username_and_password(stepDefinitionForSalesforce.java:31)
at âœ½.i enter username and password(file:///C:/Users/tanmo/git/repository/CucumberSeleniumIntegration/src/test/resources/salesforcefeature.feature:5)
]]>
    </error>
  </testcase> <!-- runScenario -->
  <system-out/>
</testsuite> <!-- com.FireBase.runnerForSalesaforce -->
