<?xml version="1.0" encoding="UTF-8"?>
<!-- Generated by org.testng.reporters.JUnitXMLReporter -->
<testsuite ignored="34" hostname="Debipriya_WIN11" failures="0" tests="1" name="Default test" time="0.255" errors="0" timestamp="2023-03-04T15:19:27 EST">
  <testcase classname="com.jan23base.BaseTest" name="@BeforeTest setUpBeforeTest" time="-1.67796116696E9">
    <failure type="org.testng.TestNGException" message="
Can inject only one of &amp;lt;ITestContext, XmlTest&amp;gt; into a @BeforeTest annotated setUpBeforeTest.
For more information on native dependency injection please refer to https://testng.org/doc/documentation-main.html#native-dependency-injection">
      <![CDATA[org.testng.TestNGException: 
Can inject only one of <ITestContext, XmlTest> into a @BeforeTest annotated setUpBeforeTest.
For more information on native dependency injection please refer to https://testng.org/doc/documentation-main.html#native-dependency-injection
at org.testng.internal.Parameters.checkParameterTypes(Parameters.java:439)
at org.testng.internal.Parameters.createParametersForMethod(Parameters.java:353)
at org.testng.internal.Parameters.createParameters(Parameters.java:708)
at org.testng.internal.Parameters.createConfigurationParameters(Parameters.java:168)
at org.testng.internal.ConfigInvoker.invokeConfigurations(ConfigInvoker.java:302)
at org.testng.TestRunner.invokeTestConfigurations(TestRunner.java:637)
at org.testng.TestRunner.beforeRun(TestRunner.java:627)
at org.testng.TestRunner.run(TestRunner.java:589)
at org.testng.SuiteRunner.runTest(SuiteRunner.java:377)
at org.testng.SuiteRunner.runSequentially(SuiteRunner.java:371)
at org.testng.SuiteRunner.privateRun(SuiteRunner.java:332)
at org.testng.SuiteRunner.run(SuiteRunner.java:276)
at org.testng.SuiteRunnerWorker.runSuite(SuiteRunnerWorker.java:53)
at org.testng.SuiteRunnerWorker.run(SuiteRunnerWorker.java:96)
at org.testng.TestNG.runSuitesSequentially(TestNG.java:1212)
at org.testng.TestNG.runSuitesLocally(TestNG.java:1134)
at org.testng.TestNG.runSuites(TestNG.java:1063)
at org.testng.TestNG.run(TestNG.java:1031)
at org.testng.remote.AbstractRemoteTestNG.run(AbstractRemoteTestNG.java:115)
at org.testng.remote.RemoteTestNG.initAndRun(RemoteTestNG.java:251)
at org.testng.remote.RemoteTestNG.main(RemoteTestNG.java:77)
]]>
    </failure>
  </testcase> <!-- @BeforeTest setUpBeforeTest -->
  <testcase classname="com.jan23base.BaseTest" name="@AfterMethod teardownAfterTestMethod" time="-1.677961167016E9">
    <skipped/>
  </testcase> <!-- @AfterMethod teardownAfterTestMethod -->
  <testcase classname="com.jan23base.BaseTest" name="@AfterTest teardownAfterTest" time="-1.677961167021E9">
    <skipped/>
  </testcase> <!-- @AfterTest teardownAfterTest -->
  <testcase classname="com.SeleniumwithMaven.SalesforceWebpageWithTestNg" name="loginTC02" time="0.0">
    <skipped/>
  </testcase> <!-- loginTC02 -->
  <testcase classname="com.SeleniumwithMaven.SalesforceWebpageWithTestNg" name="myProfile_EditTC06" time="0.0">
    <ignored/>
  </testcase> <!-- myProfile_EditTC06 -->
  <testcase classname="com.SeleniumwithMaven.SalesforceWebpageWithTestNg" name="HomeTabTC33" time="0.0">
    <ignored/>
  </testcase> <!-- HomeTabTC33 -->
  <testcase classname="com.SeleniumwithMaven.SalesforceWebpageWithTestNg" name="createAccountTC10" time="0.0">
    <ignored/>
  </testcase> <!-- createAccountTC10 -->
  <testcase classname="com.SeleniumwithMaven.SalesforceWebpageWithTestNg" name="Opportunity_CreateNewTC16" time="0.0">
    <ignored/>
  </testcase> <!-- Opportunity_CreateNewTC16 -->
  <testcase classname="com.SeleniumwithMaven.SalesforceWebpageWithTestNg" name="mySettingsTC07" time="0.0">
    <ignored/>
  </testcase> <!-- mySettingsTC07 -->
  <testcase classname="com.SeleniumwithMaven.SalesforceWebpageWithTestNg" name="RemoveTabTC35" time="0.0">
    <ignored/>
  </testcase> <!-- RemoveTabTC35 -->
  <testcase classname="com.SeleniumwithMaven.SalesforceWebpageWithTestNg" name="Opportunity_StuckTC18" time="0.0">
    <ignored/>
  </testcase> <!-- Opportunity_StuckTC18 -->
  <testcase classname="com.SeleniumwithMaven.SalesforceWebpageWithTestNg" name="Account_ReportTC14" time="0.0">
    <ignored/>
  </testcase> <!-- Account_ReportTC14 -->
  <testcase classname="com.SeleniumwithMaven.SalesforceWebpageWithTestNg" name="Account_Edit_viewTC12" time="0.0">
    <ignored/>
  </testcase> <!-- Account_Edit_viewTC12 -->
  <testcase classname="com.SeleniumwithMaven.SalesforceWebpageWithTestNg" name="HomeTabTC36" time="0.0">
    <ignored/>
  </testcase> <!-- HomeTabTC36 -->
  <testcase classname="com.SeleniumwithMaven.SalesforceWebpageWithTestNg" name="ChangeLeadsTabTC22" time="0.0">
    <ignored/>
  </testcase> <!-- ChangeLeadsTabTC22 -->
  <testcase classname="com.SeleniumwithMaven.SalesforceWebpageWithTestNg" name="RecentlyCreatedTC27" time="0.0">
    <ignored/>
  </testcase> <!-- RecentlyCreatedTC27 -->
  <testcase classname="com.SeleniumwithMaven.SalesforceWebpageWithTestNg" name="OpenLeadsTabTC21" time="0.0">
    <ignored/>
  </testcase> <!-- OpenLeadsTabTC21 -->
  <testcase classname="com.SeleniumwithMaven.SalesforceWebpageWithTestNg" name="ContactsTabTC25" time="0.0">
    <ignored/>
  </testcase> <!-- ContactsTabTC25 -->
  <testcase classname="com.SeleniumwithMaven.SalesforceWebpageWithTestNg" name="ContactErrorMassegeTC30" time="0.0">
    <ignored/>
  </testcase> <!-- ContactErrorMassegeTC30 -->
  <testcase classname="com.SeleniumwithMaven.SalesforceWebpageWithTestNg" name="CtreateNewContactsTC26" time="0.0">
    <ignored/>
  </testcase> <!-- CtreateNewContactsTC26 -->
  <testcase classname="com.SeleniumwithMaven.SalesforceWebpageWithTestNg" name="error_loginTC01" time="0.0">
    <ignored/>
  </testcase> <!-- error_loginTC01 -->
  <testcase classname="com.SeleniumwithMaven.SalesforceWebpageWithTestNg" name="HomeTabEditProfileTC34" time="0.0">
    <ignored/>
  </testcase> <!-- HomeTabEditProfileTC34 -->
  <testcase classname="com.SeleniumwithMaven.SalesforceWebpageWithTestNg" name="developersConsoleTC08" time="0.0">
    <ignored/>
  </testcase> <!-- developersConsoleTC08 -->
  <testcase classname="com.SeleniumwithMaven.SalesforceWebpageWithTestNg" name="NewContactPageTC32" time="0.0">
    <ignored/>
  </testcase> <!-- NewContactPageTC32 -->
  <testcase classname="com.SeleniumwithMaven.SalesforceWebpageWithTestNg" name="QuarterlySummeryTC19" time="0.0">
    <ignored/>
  </testcase> <!-- QuarterlySummeryTC19 -->
  <testcase classname="com.SeleniumwithMaven.SalesforceWebpageWithTestNg" name="NewLeadsTabTC24" time="0.0">
    <ignored/>
  </testcase> <!-- NewLeadsTabTC24 -->
  <testcase classname="com.SeleniumwithMaven.SalesforceWebpageWithTestNg" name="LeadsTabTC20" time="0.0">
    <ignored/>
  </testcase> <!-- LeadsTabTC20 -->
  <testcase classname="com.SeleniumwithMaven.SalesforceWebpageWithTestNg" name="usermenue_DropdownTC05" time="0.0">
    <ignored/>
  </testcase> <!-- usermenue_DropdownTC05 -->
  <testcase classname="com.SeleniumwithMaven.SalesforceWebpageWithTestNg" name="usermenueLogoutTC09" time="0.0">
    <ignored/>
  </testcase> <!-- usermenueLogoutTC09 -->
  <testcase classname="com.SeleniumwithMaven.SalesforceWebpageWithTestNg" name="ViewContactsTC29" time="0.0">
    <ignored/>
  </testcase> <!-- ViewContactsTC29 -->
  <testcase classname="com.SeleniumwithMaven.SalesforceWebpageWithTestNg" name="CreateContactCancleTC31" time="0.0">
    <ignored/>
  </testcase> <!-- CreateContactCancleTC31 -->
  <testcase classname="com.SeleniumwithMaven.SalesforceWebpageWithTestNg" name="Account_viewTC11" time="0.0">
    <ignored/>
  </testcase> <!-- Account_viewTC11 -->
  <testcase classname="com.SeleniumwithMaven.SalesforceWebpageWithTestNg" name="Merge_AccountTC13" time="0.0">
    <ignored/>
  </testcase> <!-- Merge_AccountTC13 -->
  <testcase classname="com.SeleniumwithMaven.SalesforceWebpageWithTestNg" name="wrong_username_passwordTC04" time="0.0">
    <ignored/>
  </testcase> <!-- wrong_username_passwordTC04 -->
  <testcase classname="com.SeleniumwithMaven.SalesforceWebpageWithTestNg" name="MyContactsTC28" time="0.0">
    <ignored/>
  </testcase> <!-- MyContactsTC28 -->
  <testcase classname="com.SeleniumwithMaven.SalesforceWebpageWithTestNg" name="Opportunity_PipelineTC17" time="0.0">
    <ignored/>
  </testcase> <!-- Opportunity_PipelineTC17 -->
  <testcase classname="com.SeleniumwithMaven.SalesforceWebpageWithTestNg" name="Opportunity_DropdownTC15" time="0.0">
    <ignored/>
  </testcase> <!-- Opportunity_DropdownTC15 -->
  <testcase classname="com.SeleniumwithMaven.SalesforceWebpageWithTestNg" name="TodaysLeadsTabTC23" time="0.0">
    <ignored/>
  </testcase> <!-- TodaysLeadsTabTC23 -->
</testsuite> <!-- Default test -->
