<?xml version="1.0" encoding="UTF-8"?>
<!-- Generated by org.testng.reporters.JUnitXMLReporter -->
<testsuite ignored="34" hostname="Debipriya_WIN11" failures="0" tests="1" name="chromeTests" time="4.854" errors="0" timestamp="2023-02-22T16:04:36 EST">
  <testcase classname="com.jan23base.BaseTest" name="@BeforeMethod setUpBeforeTestMethod" time="3.722">
    <failure type="org.openqa.selenium.InvalidArgumentException" message="invalid argument
  (Session info: MicrosoftEdge=110.0.1587.50)
Build info: version: &amp;apos;3.141.59&amp;apos;, revision: &amp;apos;e82be7d358&amp;apos;, time: &amp;apos;2018-11-14T08:17:03&amp;apos;
System info: host: &amp;apos;DEBIPRIYA_WIN11&amp;apos;, ip: &amp;apos;192.168.0.28&amp;apos;, os.name: &amp;apos;Windows 11&amp;apos;, os.arch: &amp;apos;amd64&amp;apos;, os.version: &amp;apos;10.0&amp;apos;, java.version: &amp;apos;17.0.6&amp;apos;
Driver info: org.openqa.selenium.edge.EdgeDriver
Capabilities {acceptInsecureCerts: false, browserName: msedge, browserVersion: 110.0.1587.50, javascriptEnabled: true, ms:edgeOptions: {debuggerAddress: localhost:57378}, msedge: {msedgedriverVersion: 110.0.1587.50 (05bf83b2e806..., userDataDir: C:\Users\tanmo\AppData\Loca...}, networkConnectionEnabled: false, pageLoadStrategy: normal, platform: WINDOWS, platformName: WINDOWS, proxy: Proxy(), setWindowRect: true, strictFileInteractability: false, timeouts: {implicit: 0, pageLoad: 300000, script: 30000}, unhandledPromptBehavior: dismiss and notify, webauthn:extension:credBlob: true, webauthn:extension:largeBlob: true, webauthn:virtualAuthenticators: true}
Session ID: aae5868cf96552e904f4ed7d0aa1b3e4">
      <![CDATA[org.openqa.selenium.InvalidArgumentException: invalid argument
  (Session info: MicrosoftEdge=110.0.1587.50)
Build info: version: '3.141.59', revision: 'e82be7d358', time: '2018-11-14T08:17:03'
System info: host: 'DEBIPRIYA_WIN11', ip: '192.168.0.28', os.name: 'Windows 11', os.arch: 'amd64', os.version: '10.0', java.version: '17.0.6'
Driver info: org.openqa.selenium.edge.EdgeDriver
Capabilities {acceptInsecureCerts: false, browserName: msedge, browserVersion: 110.0.1587.50, javascriptEnabled: true, ms:edgeOptions: {debuggerAddress: localhost:57378}, msedge: {msedgedriverVersion: 110.0.1587.50 (05bf83b2e806..., userDataDir: C:\Users\tanmo\AppData\Loca...}, networkConnectionEnabled: false, pageLoadStrategy: normal, platform: WINDOWS, platformName: WINDOWS, proxy: Proxy(), setWindowRect: true, strictFileInteractability: false, timeouts: {implicit: 0, pageLoad: 300000, script: 30000}, unhandledPromptBehavior: dismiss and notify, webauthn:extension:credBlob: true, webauthn:extension:largeBlob: true, webauthn:virtualAuthenticators: true}
Session ID: aae5868cf96552e904f4ed7d0aa1b3e4
at org.openqa.selenium.remote.http.W3CHttpResponseCodec.createException(W3CHttpResponseCodec.java:187)
at org.openqa.selenium.remote.http.W3CHttpResponseCodec.decode(W3CHttpResponseCodec.java:122)
at org.openqa.selenium.remote.http.W3CHttpResponseCodec.decode(W3CHttpResponseCodec.java:49)
at org.openqa.selenium.remote.HttpCommandExecutor.execute(HttpCommandExecutor.java:158)
at org.openqa.selenium.remote.service.DriverCommandExecutor.execute(DriverCommandExecutor.java:83)
at org.openqa.selenium.remote.RemoteWebDriver.execute(RemoteWebDriver.java:552)
at org.openqa.selenium.remote.RemoteWebDriver.get(RemoteWebDriver.java:277)
at com.jan23base.BaseTest.goToUrl(BaseTest.java:179)
at com.jan23base.BaseTest.setUpBeforeTestMethod(BaseTest.java:71)
at java.base/java.util.ArrayList.forEach(ArrayList.java:1511)
... Removed 36 stack frames]]>
    </failure>
  </testcase> <!-- @BeforeMethod setUpBeforeTestMethod -->
  <testcase classname="com.jan23base.BaseTest" name="@AfterMethod teardownAfterTestMethod" time="-1.677099876249E9">
    <skipped/>
  </testcase> <!-- @AfterMethod teardownAfterTestMethod -->
  <testcase classname="com.SeleniumwithMaven.SalesforceWebpageWithTestNg" name="loginTC02" time="0.0">
    <skipped/>
  </testcase> <!-- loginTC02 -->
  <testcase classname="com.SeleniumwithMaven.SalesforceWebpageWithTestNg" name="myProfile_EditTC06" time="0.0">
    <ignored/>
  </testcase> <!-- myProfile_EditTC06 -->
  <testcase classname="com.SeleniumwithMaven.SalesforceWebpageWithTestNg" name="HomeTabTC33" time="0.0">
    <ignored/>
  </testcase> <!-- HomeTabTC33 -->
  <testcase classname="com.SeleniumwithMaven.SalesforceWebpageWithTestNg" name="createAccountTC10" time="0.0">
    <ignored/>
  </testcase> <!-- createAccountTC10 -->
  <testcase classname="com.SeleniumwithMaven.SalesforceWebpageWithTestNg" name="Opportunity_CreateNewTC16" time="0.0">
    <ignored/>
  </testcase> <!-- Opportunity_CreateNewTC16 -->
  <testcase classname="com.SeleniumwithMaven.SalesforceWebpageWithTestNg" name="mySettingsTC07" time="0.0">
    <ignored/>
  </testcase> <!-- mySettingsTC07 -->
  <testcase classname="com.SeleniumwithMaven.SalesforceWebpageWithTestNg" name="RemoveTabTC35" time="0.0">
    <ignored/>
  </testcase> <!-- RemoveTabTC35 -->
  <testcase classname="com.SeleniumwithMaven.SalesforceWebpageWithTestNg" name="Opportunity_StuckTC18" time="0.0">
    <ignored/>
  </testcase> <!-- Opportunity_StuckTC18 -->
  <testcase classname="com.SeleniumwithMaven.SalesforceWebpageWithTestNg" name="Account_ReportTC14" time="0.0">
    <ignored/>
  </testcase> <!-- Account_ReportTC14 -->
  <testcase classname="com.SeleniumwithMaven.SalesforceWebpageWithTestNg" name="Account_Edit_viewTC12" time="0.0">
    <ignored/>
  </testcase> <!-- Account_Edit_viewTC12 -->
  <testcase classname="com.SeleniumwithMaven.SalesforceWebpageWithTestNg" name="HomeTabTC36" time="0.0">
    <ignored/>
  </testcase> <!-- HomeTabTC36 -->
  <testcase classname="com.SeleniumwithMaven.SalesforceWebpageWithTestNg" name="ChangeLeadsTabTC22" time="0.0">
    <ignored/>
  </testcase> <!-- ChangeLeadsTabTC22 -->
  <testcase classname="com.SeleniumwithMaven.SalesforceWebpageWithTestNg" name="RecentlyCreatedTC27" time="0.0">
    <ignored/>
  </testcase> <!-- RecentlyCreatedTC27 -->
  <testcase classname="com.SeleniumwithMaven.SalesforceWebpageWithTestNg" name="OpenLeadsTabTC21" time="0.0">
    <ignored/>
  </testcase> <!-- OpenLeadsTabTC21 -->
  <testcase classname="com.SeleniumwithMaven.SalesforceWebpageWithTestNg" name="ContactsTabTC25" time="0.0">
    <ignored/>
  </testcase> <!-- ContactsTabTC25 -->
  <testcase classname="com.SeleniumwithMaven.SalesforceWebpageWithTestNg" name="ContactErrorMassegeTC30" time="0.0">
    <ignored/>
  </testcase> <!-- ContactErrorMassegeTC30 -->
  <testcase classname="com.SeleniumwithMaven.SalesforceWebpageWithTestNg" name="CtreateNewContactsTC26" time="0.0">
    <ignored/>
  </testcase> <!-- CtreateNewContactsTC26 -->
  <testcase classname="com.SeleniumwithMaven.SalesforceWebpageWithTestNg" name="error_loginTC01" time="0.0">
    <ignored/>
  </testcase> <!-- error_loginTC01 -->
  <testcase classname="com.SeleniumwithMaven.SalesforceWebpageWithTestNg" name="HomeTabEditProfileTC34" time="0.0">
    <ignored/>
  </testcase> <!-- HomeTabEditProfileTC34 -->
  <testcase classname="com.SeleniumwithMaven.SalesforceWebpageWithTestNg" name="developersConsoleTC08" time="0.0">
    <ignored/>
  </testcase> <!-- developersConsoleTC08 -->
  <testcase classname="com.SeleniumwithMaven.SalesforceWebpageWithTestNg" name="NewContactPageTC32" time="0.0">
    <ignored/>
  </testcase> <!-- NewContactPageTC32 -->
  <testcase classname="com.SeleniumwithMaven.SalesforceWebpageWithTestNg" name="QuarterlySummeryTC19" time="0.0">
    <ignored/>
  </testcase> <!-- QuarterlySummeryTC19 -->
  <testcase classname="com.SeleniumwithMaven.SalesforceWebpageWithTestNg" name="NewLeadsTabTC24" time="0.0">
    <ignored/>
  </testcase> <!-- NewLeadsTabTC24 -->
  <testcase classname="com.SeleniumwithMaven.SalesforceWebpageWithTestNg" name="LeadsTabTC20" time="0.0">
    <ignored/>
  </testcase> <!-- LeadsTabTC20 -->
  <testcase classname="com.SeleniumwithMaven.SalesforceWebpageWithTestNg" name="usermenue_DropdownTC05" time="0.0">
    <ignored/>
  </testcase> <!-- usermenue_DropdownTC05 -->
  <testcase classname="com.SeleniumwithMaven.SalesforceWebpageWithTestNg" name="usermenueLogoutTC09" time="0.0">
    <ignored/>
  </testcase> <!-- usermenueLogoutTC09 -->
  <testcase classname="com.SeleniumwithMaven.SalesforceWebpageWithTestNg" name="ViewContactsTC29" time="0.0">
    <ignored/>
  </testcase> <!-- ViewContactsTC29 -->
  <testcase classname="com.SeleniumwithMaven.SalesforceWebpageWithTestNg" name="CreateContactCancleTC31" time="0.0">
    <ignored/>
  </testcase> <!-- CreateContactCancleTC31 -->
  <testcase classname="com.SeleniumwithMaven.SalesforceWebpageWithTestNg" name="Account_viewTC11" time="0.0">
    <ignored/>
  </testcase> <!-- Account_viewTC11 -->
  <testcase classname="com.SeleniumwithMaven.SalesforceWebpageWithTestNg" name="Merge_AccountTC13" time="0.0">
    <ignored/>
  </testcase> <!-- Merge_AccountTC13 -->
  <testcase classname="com.SeleniumwithMaven.SalesforceWebpageWithTestNg" name="wrong_username_passwordTC04" time="0.0">
    <ignored/>
  </testcase> <!-- wrong_username_passwordTC04 -->
  <testcase classname="com.SeleniumwithMaven.SalesforceWebpageWithTestNg" name="MyContactsTC28" time="0.0">
    <ignored/>
  </testcase> <!-- MyContactsTC28 -->
  <testcase classname="com.SeleniumwithMaven.SalesforceWebpageWithTestNg" name="Opportunity_PipelineTC17" time="0.0">
    <ignored/>
  </testcase> <!-- Opportunity_PipelineTC17 -->
  <testcase classname="com.SeleniumwithMaven.SalesforceWebpageWithTestNg" name="Opportunity_DropdownTC15" time="0.0">
    <ignored/>
  </testcase> <!-- Opportunity_DropdownTC15 -->
  <testcase classname="com.SeleniumwithMaven.SalesforceWebpageWithTestNg" name="TodaysLeadsTabTC23" time="0.0">
    <ignored/>
  </testcase> <!-- TodaysLeadsTabTC23 -->
</testsuite> <!-- chromeTests -->
